<?xml version="1.0" encoding="UTF-8"?>
<coverage generated="1621150636373" clover="3.2.0">
  <project timestamp="1621150636373" name="All files">
    <metrics statements="2655" coveredstatements="2639" conditionals="1157" coveredconditionals="1110" methods="362" coveredmethods="362" elements="4174" coveredelements="4111" complexity="0" loc="2655" ncloc="2655" packages="27" files="99" classes="99"/>
    <package name="src">
      <metrics statements="1" coveredstatements="1" conditionals="0" coveredconditionals="0" methods="0" coveredmethods="0"/>
      <file name="config.ts" path="D:\mychessNew\server\src\config.ts">
        <metrics statements="1" coveredstatements="1" conditionals="0" coveredconditionals="0" methods="0" coveredmethods="0"/>
        <line num="11" count="32" type="stmt"/>
      </file>
    </package>
    <package name="src.auth">
      <metrics statements="229" coveredstatements="228" conditionals="105" coveredconditionals="98" methods="37" coveredmethods="37"/>
      <file name="auth.controller.ts" path="D:\mychessNew\server\src\auth\auth.controller.ts">
        <metrics statements="95" coveredstatements="95" conditionals="28" coveredconditionals="28" methods="14" coveredmethods="14"/>
        <line num="1" count="32" type="stmt"/>
        <line num="2" count="32" type="stmt"/>
        <line num="6" count="32" type="stmt"/>
        <line num="7" count="32" type="stmt"/>
        <line num="8" count="32" type="stmt"/>
        <line num="9" count="32" type="stmt"/>
        <line num="10" count="32" type="stmt"/>
        <line num="13" count="32" type="stmt"/>
        <line num="16" count="32" type="stmt"/>
        <line num="17" count="32" type="stmt"/>
        <line num="20" count="32" type="stmt"/>
        <line num="21" count="32" type="stmt"/>
        <line num="22" count="32" type="stmt"/>
        <line num="23" count="32" type="stmt"/>
        <line num="26" count="32" type="stmt"/>
        <line num="27" count="32" type="stmt"/>
        <line num="30" count="32" type="stmt"/>
        <line num="32" count="32" type="stmt"/>
        <line num="33" count="32" type="stmt"/>
        <line num="34" count="32" type="stmt"/>
        <line num="35" count="32" type="stmt"/>
        <line num="36" count="32" type="stmt"/>
        <line num="43" count="32" type="stmt"/>
        <line num="45" count="3" type="stmt"/>
        <line num="46" count="3" type="cond" truecount="2" falsecount="0"/>
        <line num="47" count="1" type="stmt"/>
        <line num="50" count="2" type="stmt"/>
        <line num="51" count="2" type="cond" truecount="2" falsecount="0"/>
        <line num="52" count="1" type="stmt"/>
        <line num="55" count="1" type="stmt"/>
        <line num="56" count="1" type="stmt"/>
        <line num="61" count="32" type="stmt"/>
        <line num="63" count="3" type="stmt"/>
        <line num="64" count="3" type="cond" truecount="2" falsecount="0"/>
        <line num="67" count="2" type="stmt"/>
        <line num="68" count="2" type="stmt"/>
        <line num="69" count="2" type="stmt"/>
        <line num="70" count="2" type="stmt"/>
        <line num="71" count="2" type="stmt"/>
        <line num="72" count="2" type="stmt"/>
        <line num="75" count="2" type="stmt"/>
        <line num="76" count="2" type="stmt"/>
        <line num="81" count="32" type="stmt"/>
        <line num="83" count="2" type="stmt"/>
        <line num="84" count="2" type="cond" truecount="2" falsecount="0"/>
        <line num="87" count="1" type="stmt"/>
        <line num="89" count="1" type="stmt"/>
        <line num="94" count="32" type="stmt"/>
        <line num="96" count="1" type="stmt"/>
        <line num="98" count="1" type="stmt"/>
        <line num="104" count="32" type="stmt"/>
        <line num="106" count="5" type="stmt"/>
        <line num="107" count="5" type="stmt"/>
        <line num="112" count="5" type="cond" truecount="2" falsecount="0"/>
        <line num="113" count="1" type="stmt"/>
        <line num="119" count="4" type="stmt"/>
        <line num="120" count="4" type="cond" truecount="2" falsecount="0"/>
        <line num="123" count="3" type="stmt"/>
        <line num="128" count="3" type="cond" truecount="2" falsecount="0"/>
        <line num="129" count="1" type="stmt"/>
        <line num="135" count="2" type="stmt"/>
        <line num="136" count="2" type="stmt"/>
        <line num="137" count="2" type="cond" truecount="2" falsecount="0"/>
        <line num="139" count="1" type="stmt"/>
        <line num="144" count="32" type="stmt"/>
        <line num="146" count="5" type="stmt"/>
        <line num="147" count="5" type="stmt"/>
        <line num="152" count="5" type="cond" truecount="2" falsecount="0"/>
        <line num="153" count="1" type="stmt"/>
        <line num="159" count="4" type="stmt"/>
        <line num="160" count="4" type="cond" truecount="2" falsecount="0"/>
        <line num="163" count="3" type="stmt"/>
        <line num="168" count="3" type="cond" truecount="2" falsecount="0"/>
        <line num="169" count="1" type="stmt"/>
        <line num="175" count="2" type="stmt"/>
        <line num="176" count="2" type="stmt"/>
        <line num="177" count="2" type="cond" truecount="2" falsecount="0"/>
        <line num="179" count="1" type="stmt"/>
        <line num="183" count="32" type="stmt"/>
        <line num="185" count="3" type="cond" truecount="2" falsecount="0"/>
        <line num="188" count="2" type="stmt"/>
        <line num="189" count="2" type="cond" truecount="2" falsecount="0"/>
        <line num="191" count="1" type="stmt"/>
        <line num="197" count="32" type="stmt"/>
        <line num="203" count="32" type="stmt"/>
        <line num="204" count="1" type="stmt"/>
        <line num="205" count="1" type="stmt"/>
        <line num="210" count="32" type="stmt"/>
        <line num="216" count="32" type="stmt"/>
        <line num="217" count="1" type="stmt"/>
        <line num="218" count="1" type="stmt"/>
        <line num="223" count="32" type="stmt"/>
        <line num="229" count="32" type="stmt"/>
        <line num="230" count="1" type="stmt"/>
        <line num="231" count="1" type="stmt"/>
      </file>
      <file name="auth.guard.ts" path="D:\mychessNew\server\src\auth\auth.guard.ts">
        <metrics statements="36" coveredstatements="36" conditionals="18" coveredconditionals="18" methods="4" coveredmethods="4"/>
        <line num="1" count="32" type="stmt"/>
        <line num="3" count="32" type="stmt"/>
        <line num="6" count="32" type="stmt"/>
        <line num="9" count="32" type="stmt"/>
        <line num="12" count="32" type="stmt"/>
        <line num="15" count="32" type="stmt"/>
        <line num="16" count="162" type="stmt"/>
        <line num="19" count="4" type="stmt"/>
        <line num="20" count="4" type="stmt"/>
        <line num="21" count="4" type="stmt"/>
        <line num="25" count="120" type="stmt"/>
        <line num="26" count="120" type="cond" truecount="2" falsecount="0"/>
        <line num="27" count="2" type="stmt"/>
        <line num="28" count="2" type="stmt"/>
        <line num="30" count="118" type="stmt"/>
        <line num="31" count="118" type="stmt"/>
        <line num="35" count="124" type="stmt"/>
        <line num="36" count="124" type="stmt"/>
        <line num="37" count="124" type="stmt"/>
        <line num="40" count="124" type="cond" truecount="2" falsecount="0"/>
        <line num="41" count="124" type="cond" truecount="2" falsecount="0"/>
        <line num="44" count="124" type="cond" truecount="2" falsecount="0"/>
        <line num="45" count="3" type="stmt"/>
        <line num="46" count="3" type="stmt"/>
        <line num="50" count="121" type="cond" truecount="2" falsecount="0"/>
        <line num="51" count="3" type="stmt"/>
        <line num="52" count="3" type="cond" truecount="2" falsecount="0"/>
        <line num="53" count="1" type="stmt"/>
        <line num="54" count="118" type="stmt"/>
        <line num="56" count="119" type="cond" truecount="2" falsecount="0"/>
        <line num="57" count="1" type="stmt"/>
        <line num="58" count="1" type="stmt"/>
        <line num="62" count="117" type="cond" truecount="4" falsecount="0"/>
        <line num="63" count="1" type="stmt"/>
        <line num="64" count="1" type="stmt"/>
        <line num="67" count="116" type="stmt"/>
      </file>
      <file name="auth.module.ts" path="D:\mychessNew\server\src\auth\auth.module.ts">
        <metrics statements="15" coveredstatements="15" conditionals="0" coveredconditionals="0" methods="1" coveredmethods="1"/>
        <line num="1" count="32" type="stmt"/>
        <line num="2" count="32" type="stmt"/>
        <line num="3" count="32" type="stmt"/>
        <line num="6" count="32" type="stmt"/>
        <line num="9" count="32" type="stmt"/>
        <line num="12" count="32" type="stmt"/>
        <line num="13" count="32" type="stmt"/>
        <line num="14" count="32" type="stmt"/>
        <line num="15" count="32" type="stmt"/>
        <line num="16" count="32" type="stmt"/>
        <line num="19" count="32" type="stmt"/>
        <line num="22" count="32" type="stmt"/>
        <line num="25" count="32" type="stmt"/>
        <line num="38" count="32" type="stmt"/>
        <line num="44" count="32" type="stmt"/>
      </file>
      <file name="auth.service.ts" path="D:\mychessNew\server\src\auth\auth.service.ts">
        <metrics statements="64" coveredstatements="63" conditionals="39" coveredconditionals="35" methods="14" coveredmethods="14"/>
        <line num="1" count="32" type="stmt"/>
        <line num="2" count="32" type="stmt"/>
        <line num="3" count="32" type="stmt"/>
        <line num="4" count="32" type="stmt"/>
        <line num="7" count="32" type="stmt"/>
        <line num="11" count="32" type="stmt"/>
        <line num="14" count="32" type="stmt"/>
        <line num="15" count="32" type="stmt"/>
        <line num="18" count="32" type="stmt"/>
        <line num="21" count="32" type="stmt"/>
        <line num="23" count="32" type="stmt"/>
        <line num="24" count="32" type="stmt"/>
        <line num="25" count="32" type="stmt"/>
        <line num="26" count="32" type="stmt"/>
        <line num="32" count="15" type="cond" truecount="4" falsecount="0"/>
        <line num="34" count="15" type="stmt"/>
        <line num="35" count="15" type="stmt"/>
        <line num="39" count="3" type="stmt"/>
        <line num="41" count="3" type="stmt"/>
        <line num="42" count="3" type="cond" truecount="2" falsecount="0"/>
        <line num="43" count="2" type="stmt"/>
        <line num="44" count="2" type="cond" truecount="2" falsecount="0"/>
        <line num="45" count="1" type="stmt"/>
        <line num="46" count="1" type="stmt"/>
        <line num="48" count="2" type="stmt"/>
        <line num="54" count="321" type="stmt"/>
        <line num="55" count="321" type="stmt"/>
        <line num="56" count="321" type="stmt"/>
        <line num="57" count="321" type="stmt"/>
        <line num="58" count="321" type="stmt"/>
        <line num="59" count="321" type="stmt"/>
        <line num="61" count="321" type="stmt"/>
        <line num="65" count="326" type="stmt"/>
        <line num="66" count="326" type="cond" truecount="1" falsecount="1"/>
        <line num="67" count="326" type="stmt"/>
        <line num="69" count="326" type="stmt"/>
        <line num="70" count="326" type="stmt"/>
        <line num="74" count="202" type="stmt"/>
        <line num="76" count="202" type="stmt"/>
        <line num="77" count="202" type="stmt"/>
        <line num="81" count="123" type="stmt"/>
        <line num="82" count="123" type="cond" truecount="2" falsecount="0"/>
        <line num="84" count="120" type="stmt"/>
        <line num="85" count="120" type="cond" truecount="2" falsecount="0"/>
        <line num="86" count="1" type="stmt"/>
        <line num="87" count="1" type="stmt"/>
        <line num="88" count="1" type="cond" truecount="1" falsecount="1"/>
        <line num="89" count="1" type="stmt"/>
        <line num="90" count="1" type="stmt"/>
        <line num="91" count="1" type="stmt"/>
        <line num="94" count="119" type="stmt"/>
        <line num="98" count="124" type="stmt"/>
        <line num="99" count="124" type="cond" truecount="2" falsecount="0"/>
        <line num="101" count="120" type="stmt"/>
        <line num="105" count="1" type="stmt"/>
        <line num="111" count="326" type="stmt"/>
        <line num="112" count="326" type="stmt"/>
        <line num="114" count="0" type="stmt"/>
        <line num="119" count="123" type="stmt"/>
        <line num="120" count="123" type="stmt"/>
        <line num="122" count="1" type="stmt"/>
        <line num="127" count="8" type="stmt"/>
        <line num="131" count="6" type="stmt"/>
        <line num="137" count="24" type="stmt"/>
      </file>
      <file name="authSocket.guard.ts" path="D:\mychessNew\server\src\auth\authSocket.guard.ts">
        <metrics statements="17" coveredstatements="17" conditionals="20" coveredconditionals="17" methods="3" coveredmethods="3"/>
        <line num="1" count="32" type="stmt"/>
        <line num="3" count="32" type="stmt"/>
        <line num="5" count="32" type="stmt"/>
        <line num="8" count="32" type="stmt"/>
        <line num="15" count="32" type="stmt"/>
        <line num="16" count="164" type="stmt"/>
        <line num="19" count="31" type="stmt"/>
        <line num="20" count="31" type="cond" truecount="2" falsecount="0"/>
        <line num="21" count="31" type="stmt"/>
        <line num="25" count="31" type="stmt"/>
        <line num="26" count="31" type="cond" truecount="2" falsecount="0"/>
        <line num="29" count="30" type="cond" truecount="2" falsecount="0"/>
        <line num="30" count="30" type="cond" truecount="2" falsecount="0"/>
        <line num="33" count="29" type="stmt"/>
        <line num="34" count="29" type="cond" truecount="2" falsecount="0"/>
        <line num="35" count="28" type="stmt"/>
        <line num="41" count="28" type="stmt"/>
      </file>
      <file name="roles.decorator.ts" path="D:\mychessNew\server\src\auth\roles.decorator.ts">
        <metrics statements="2" coveredstatements="2" conditionals="0" coveredconditionals="0" methods="1" coveredmethods="1"/>
        <line num="1" count="32" type="stmt"/>
        <line num="6" count="96" type="stmt"/>
      </file>
    </package>
    <package name="src.auth.dto">
      <metrics statements="18" coveredstatements="18" conditionals="0" coveredconditionals="0" methods="0" coveredmethods="0"/>
      <file name="loginUser.dto.ts" path="D:\mychessNew\server\src\auth\dto\loginUser.dto.ts">
        <metrics statements="6" coveredstatements="6" conditionals="0" coveredconditionals="0" methods="0" coveredmethods="0"/>
        <line num="1" count="32" type="stmt"/>
        <line num="7" count="32" type="stmt"/>
        <line num="10" count="32" type="stmt"/>
        <line num="12" count="32" type="stmt"/>
        <line num="14" count="32" type="stmt"/>
        <line num="19" count="32" type="stmt"/>
      </file>
      <file name="otpSms.dto.ts" path="D:\mychessNew\server\src\auth\dto\otpSms.dto.ts">
        <metrics statements="6" coveredstatements="6" conditionals="0" coveredconditionals="0" methods="0" coveredmethods="0"/>
        <line num="1" count="32" type="stmt"/>
        <line num="7" count="32" type="stmt"/>
        <line num="10" count="32" type="stmt"/>
        <line num="12" count="32" type="stmt"/>
        <line num="14" count="32" type="stmt"/>
        <line num="18" count="32" type="stmt"/>
      </file>
      <file name="registerUser.dto.ts" path="D:\mychessNew\server\src\auth\dto\registerUser.dto.ts">
        <metrics statements="6" coveredstatements="6" conditionals="0" coveredconditionals="0" methods="0" coveredmethods="0"/>
        <line num="1" count="32" type="stmt"/>
        <line num="7" count="32" type="stmt"/>
        <line num="10" count="32" type="stmt"/>
        <line num="12" count="32" type="stmt"/>
        <line num="13" count="32" type="stmt"/>
        <line num="20" count="32" type="stmt"/>
      </file>
    </package>
    <package name="src.auth.entities">
      <metrics statements="9" coveredstatements="9" conditionals="0" coveredconditionals="0" methods="0" coveredmethods="0"/>
      <file name="re-token.entity.ts" path="D:\mychessNew\server\src\auth\entities\re-token.entity.ts">
        <metrics statements="5" coveredstatements="5" conditionals="0" coveredconditionals="0" methods="0" coveredmethods="0"/>
        <line num="1" count="32" type="stmt"/>
        <line num="4" count="32" type="stmt"/>
        <line num="6" count="32" type="stmt"/>
        <line num="9" count="32" type="stmt"/>
        <line num="12" count="32" type="stmt"/>
      </file>
      <file name="re-token.repository.ts" path="D:\mychessNew\server\src\auth\entities\re-token.repository.ts">
        <metrics statements="4" coveredstatements="4" conditionals="0" coveredconditionals="0" methods="0" coveredmethods="0"/>
        <line num="1" count="32" type="stmt"/>
        <line num="4" count="32" type="stmt"/>
        <line num="6" count="32" type="stmt"/>
        <line num="9" count="32" type="stmt"/>
      </file>
    </package>
    <package name="src.auth.passport">
      <metrics statements="54" coveredstatements="54" conditionals="6" coveredconditionals="6" methods="6" coveredmethods="6"/>
      <file name="facebook.strategy.ts" path="D:\mychessNew\server\src\auth\passport\facebook.strategy.ts">
        <metrics statements="17" coveredstatements="17" conditionals="2" coveredconditionals="2" methods="2" coveredmethods="2"/>
        <line num="1" count="32" type="stmt"/>
        <line num="2" count="32" type="stmt"/>
        <line num="3" count="32" type="stmt"/>
        <line num="6" count="32" type="stmt"/>
        <line num="9" count="32" type="stmt"/>
        <line num="12" count="32" type="stmt"/>
        <line num="13" count="33" type="stmt"/>
        <line num="14" count="33" type="stmt"/>
        <line num="21" count="4" type="stmt"/>
        <line num="22" count="4" type="stmt"/>
        <line num="23" count="4" type="cond" truecount="2" falsecount="0"/>
        <line num="24" count="3" type="stmt"/>
        <line num="25" count="3" type="stmt"/>
        <line num="26" count="3" type="stmt"/>
        <line num="27" count="3" type="stmt"/>
        <line num="29" count="3" type="stmt"/>
        <line num="31" count="1" type="stmt"/>
      </file>
      <file name="github.strategy.ts" path="D:\mychessNew\server\src\auth\passport\github.strategy.ts">
        <metrics statements="18" coveredstatements="18" conditionals="2" coveredconditionals="2" methods="2" coveredmethods="2"/>
        <line num="1" count="32" type="stmt"/>
        <line num="2" count="32" type="stmt"/>
        <line num="3" count="32" type="stmt"/>
        <line num="6" count="32" type="stmt"/>
        <line num="9" count="32" type="stmt"/>
        <line num="12" count="32" type="stmt"/>
        <line num="13" count="33" type="stmt"/>
        <line num="14" count="33" type="stmt"/>
        <line num="22" count="4" type="stmt"/>
        <line num="23" count="4" type="stmt"/>
        <line num="24" count="4" type="cond" truecount="2" falsecount="0"/>
        <line num="25" count="3" type="stmt"/>
        <line num="26" count="3" type="stmt"/>
        <line num="27" count="3" type="stmt"/>
        <line num="28" count="3" type="stmt"/>
        <line num="29" count="2" type="stmt"/>
        <line num="31" count="3" type="stmt"/>
        <line num="33" count="1" type="stmt"/>
      </file>
      <file name="google.strategy.ts" path="D:\mychessNew\server\src\auth\passport\google.strategy.ts">
        <metrics statements="19" coveredstatements="19" conditionals="2" coveredconditionals="2" methods="2" coveredmethods="2"/>
        <line num="1" count="32" type="stmt"/>
        <line num="2" count="32" type="stmt"/>
        <line num="3" count="32" type="stmt"/>
        <line num="6" count="32" type="stmt"/>
        <line num="9" count="32" type="stmt"/>
        <line num="12" count="32" type="stmt"/>
        <line num="13" count="33" type="stmt"/>
        <line num="14" count="33" type="stmt"/>
        <line num="23" count="4" type="stmt"/>
        <line num="24" count="4" type="stmt"/>
        <line num="25" count="4" type="cond" truecount="2" falsecount="0"/>
        <line num="26" count="3" type="stmt"/>
        <line num="27" count="3" type="stmt"/>
        <line num="28" count="3" type="stmt"/>
        <line num="29" count="3" type="stmt"/>
        <line num="30" count="2" type="stmt"/>
        <line num="31" count="2" type="stmt"/>
        <line num="33" count="3" type="stmt"/>
        <line num="35" count="1" type="stmt"/>
      </file>
    </package>
    <package name="src.chat">
      <metrics statements="124" coveredstatements="124" conditionals="24" coveredconditionals="24" methods="25" coveredmethods="25"/>
      <file name="chat.controller.ts" path="D:\mychessNew\server\src\chat\chat.controller.ts">
        <metrics statements="35" coveredstatements="35" conditionals="8" coveredconditionals="8" methods="8" coveredmethods="8"/>
        <line num="1" count="32" type="stmt"/>
        <line num="5" count="32" type="stmt"/>
        <line num="6" count="32" type="stmt"/>
        <line num="7" count="32" type="stmt"/>
        <line num="13" count="32" type="stmt"/>
        <line num="16" count="32" type="stmt"/>
        <line num="17" count="32" type="stmt"/>
        <line num="20" count="32" type="stmt"/>
        <line num="23" count="32" type="stmt"/>
        <line num="24" count="32" type="stmt"/>
        <line num="27" count="6" type="stmt"/>
        <line num="31" count="7" type="stmt"/>
        <line num="32" count="7" type="cond" truecount="2" falsecount="0"/>
        <line num="33" count="6" type="stmt"/>
        <line num="37" count="32" type="stmt"/>
        <line num="38" count="1" type="stmt"/>
        <line num="40" count="1" type="stmt"/>
        <line num="46" count="32" type="stmt"/>
        <line num="47" count="2" type="stmt"/>
        <line num="48" count="2" type="stmt"/>
        <line num="49" count="2" type="cond" truecount="2" falsecount="0"/>
        <line num="51" count="2" type="stmt"/>
        <line num="57" count="32" type="stmt"/>
        <line num="58" count="3" type="stmt"/>
        <line num="60" count="2" type="stmt"/>
        <line num="61" count="2" type="cond" truecount="2" falsecount="0"/>
        <line num="62" count="1" type="stmt"/>
        <line num="63" count="1" type="stmt"/>
        <line num="64" count="1" type="stmt"/>
        <line num="69" count="32" type="stmt"/>
        <line num="70" count="2" type="stmt"/>
        <line num="72" count="2" type="stmt"/>
        <line num="73" count="2" type="cond" truecount="2" falsecount="0"/>
        <line num="74" count="1" type="stmt"/>
        <line num="76" count="1" type="stmt"/>
      </file>
      <file name="chat.gateway.ts" path="D:\mychessNew\server\src\chat\chat.gateway.ts">
        <metrics statements="30" coveredstatements="30" conditionals="4" coveredconditionals="4" methods="8" coveredmethods="8"/>
        <line num="1" count="32" type="stmt"/>
        <line num="2" count="32" type="stmt"/>
        <line num="3" count="32" type="stmt"/>
        <line num="6" count="32" type="stmt"/>
        <line num="7" count="32" type="stmt"/>
        <line num="10" count="32" type="stmt"/>
        <line num="13" count="32" type="stmt"/>
        <line num="19" count="32" type="stmt"/>
        <line num="20" count="32" type="stmt"/>
        <line num="23" count="32" type="stmt"/>
        <line num="24" count="32" type="stmt"/>
        <line num="26" count="32" type="stmt"/>
        <line num="28" count="32" type="stmt"/>
        <line num="31" count="1" type="stmt"/>
        <line num="32" count="1" type="stmt"/>
        <line num="36" count="3" type="stmt"/>
        <line num="37" count="3" type="cond" truecount="2" falsecount="0"/>
        <line num="38" count="2" type="stmt"/>
        <line num="42" count="4" type="stmt"/>
        <line num="43" count="4" type="cond" truecount="2" falsecount="0"/>
        <line num="45" count="3" type="stmt"/>
        <line num="50" count="32" type="stmt"/>
        <line num="51" count="1" type="stmt"/>
        <line num="52" count="1" type="stmt"/>
        <line num="54" count="1" type="stmt"/>
        <line num="55" count="1" type="stmt"/>
        <line num="60" count="32" type="stmt"/>
        <line num="61" count="3" type="stmt"/>
        <line num="62" count="2" type="stmt"/>
        <line num="64" count="1" type="stmt"/>
      </file>
      <file name="chat.module.ts" path="D:\mychessNew\server\src\chat\chat.module.ts">
        <metrics statements="10" coveredstatements="10" conditionals="0" coveredconditionals="0" methods="0" coveredmethods="0"/>
        <line num="1" count="32" type="stmt"/>
        <line num="2" count="32" type="stmt"/>
        <line num="5" count="32" type="stmt"/>
        <line num="8" count="32" type="stmt"/>
        <line num="11" count="32" type="stmt"/>
        <line num="14" count="32" type="stmt"/>
        <line num="15" count="32" type="stmt"/>
        <line num="18" count="32" type="stmt"/>
        <line num="19" count="32" type="stmt"/>
        <line num="27" count="32" type="stmt"/>
      </file>
      <file name="chat.service.ts" path="D:\mychessNew\server\src\chat\chat.service.ts">
        <metrics statements="46" coveredstatements="46" conditionals="10" coveredconditionals="10" methods="8" coveredmethods="8"/>
        <line num="1" count="32" type="stmt"/>
        <line num="2" count="32" type="stmt"/>
        <line num="5" count="32" type="stmt"/>
        <line num="8" count="32" type="stmt"/>
        <line num="9" count="32" type="stmt"/>
        <line num="12" count="32" type="stmt"/>
        <line num="14" count="32" type="stmt"/>
        <line num="16" count="32" type="stmt"/>
        <line num="18" count="32" type="stmt"/>
        <line num="19" count="32" type="stmt"/>
        <line num="20" count="32" type="stmt"/>
        <line num="24" count="325" type="stmt"/>
        <line num="25" count="325" type="stmt"/>
        <line num="27" count="325" type="cond" truecount="2" falsecount="0"/>
        <line num="28" count="7" type="stmt"/>
        <line num="29" count="7" type="cond" truecount="2" falsecount="0"/>
        <line num="30" count="1" type="stmt"/>
        <line num="32" count="1" type="stmt"/>
        <line num="34" count="318" type="stmt"/>
        <line num="38" count="250" type="stmt"/>
        <line num="39" count="250" type="stmt"/>
        <line num="40" count="250" type="stmt"/>
        <line num="41" count="250" type="stmt"/>
        <line num="42" count="250" type="stmt"/>
        <line num="43" count="250" type="stmt"/>
        <line num="45" count="250" type="stmt"/>
        <line num="49" count="549" type="stmt"/>
        <line num="51" count="549" type="stmt"/>
        <line num="55" count="254" type="stmt"/>
        <line num="56" count="254" type="cond" truecount="2" falsecount="0"/>
        <line num="57" count="253" type="stmt"/>
        <line num="66" count="253" type="stmt"/>
        <line num="71" count="36" type="stmt"/>
        <line num="72" count="36" type="stmt"/>
        <line num="76" count="37" type="stmt"/>
        <line num="77" count="37" type="cond" truecount="2" falsecount="0"/>
        <line num="78" count="36" type="stmt"/>
        <line num="79" count="36" type="stmt"/>
        <line num="80" count="36" type="stmt"/>
        <line num="81" count="36" type="stmt"/>
        <line num="82" count="36" type="stmt"/>
        <line num="87" count="10" type="stmt"/>
        <line num="88" count="10" type="cond" truecount="2" falsecount="0"/>
        <line num="89" count="9" type="stmt"/>
        <line num="90" count="9" type="stmt"/>
        <line num="91" count="9" type="stmt"/>
      </file>
      <file name="chatGateway.action.ts" path="D:\mychessNew\server\src\chat\chatGateway.action.ts">
        <metrics statements="3" coveredstatements="3" conditionals="2" coveredconditionals="2" methods="1" coveredmethods="1"/>
        <line num="1" count="32" type="cond" truecount="2" falsecount="0"/>
        <line num="2" count="32" type="stmt"/>
        <line num="3" count="32" type="stmt"/>
      </file>
    </package>
    <package name="src.chat.dto">
      <metrics statements="14" coveredstatements="14" conditionals="0" coveredconditionals="0" methods="0" coveredmethods="0"/>
      <file name="roomIdChatDto.ts" path="D:\mychessNew\server\src\chat\dto\roomIdChatDto.ts">
        <metrics statements="6" coveredstatements="6" conditionals="0" coveredconditionals="0" methods="0" coveredmethods="0"/>
        <line num="1" count="32" type="stmt"/>
        <line num="2" count="32" type="stmt"/>
        <line num="3" count="32" type="stmt"/>
        <line num="6" count="32" type="stmt"/>
        <line num="8" count="32" type="stmt"/>
        <line num="12" count="32" type="stmt"/>
      </file>
      <file name="sendMessageDto.ts" path="D:\mychessNew\server\src\chat\dto\sendMessageDto.ts">
        <metrics statements="8" coveredstatements="8" conditionals="0" coveredconditionals="0" methods="0" coveredmethods="0"/>
        <line num="2" count="32" type="stmt"/>
        <line num="3" count="32" type="stmt"/>
        <line num="4" count="32" type="stmt"/>
        <line num="5" count="32" type="stmt"/>
        <line num="8" count="32" type="stmt"/>
        <line num="9" count="32" type="stmt"/>
        <line num="11" count="32" type="stmt"/>
        <line num="15" count="32" type="stmt"/>
      </file>
    </package>
    <package name="src.chat.entities">
      <metrics statements="32" coveredstatements="32" conditionals="0" coveredconditionals="0" methods="8" coveredmethods="8"/>
      <file name="chat.entity.ts" path="D:\mychessNew\server\src\chat\entities\chat.entity.ts">
        <metrics statements="11" coveredstatements="11" conditionals="0" coveredconditionals="0" methods="4" coveredmethods="4"/>
        <line num="1" count="32" type="stmt"/>
        <line num="4" count="32" type="stmt"/>
        <line num="5" count="32" type="stmt"/>
        <line num="8" count="32" type="stmt"/>
        <line num="10" count="32" type="stmt"/>
        <line num="13" count="32" type="stmt"/>
        <line num="15" count="32" type="stmt"/>
        <line num="16" count="32" type="stmt"/>
        <line num="18" count="32" type="stmt"/>
        <line num="20" count="32" type="stmt"/>
        <line num="23" count="287" type="stmt"/>
      </file>
      <file name="chat.repository.ts" path="D:\mychessNew\server\src\chat\entities\chat.repository.ts">
        <metrics statements="5" coveredstatements="5" conditionals="0" coveredconditionals="0" methods="1" coveredmethods="1"/>
        <line num="1" count="32" type="stmt"/>
        <line num="4" count="32" type="stmt"/>
        <line num="7" count="32" type="stmt"/>
        <line num="10" count="32" type="stmt"/>
        <line num="12" count="8" type="stmt"/>
      </file>
      <file name="message.entity.ts" path="D:\mychessNew\server\src\chat\entities\message.entity.ts">
        <metrics statements="12" coveredstatements="12" conditionals="0" coveredconditionals="0" methods="3" coveredmethods="3"/>
        <line num="1" count="32" type="stmt"/>
        <line num="4" count="32" type="stmt"/>
        <line num="7" count="32" type="stmt"/>
        <line num="9" count="32" type="stmt"/>
        <line num="12" count="32" type="stmt"/>
        <line num="15" count="32" type="stmt"/>
        <line num="17" count="32" type="stmt"/>
        <line num="18" count="32" type="stmt"/>
        <line num="21" count="32" type="stmt"/>
        <line num="24" count="44" type="stmt"/>
        <line num="25" count="44" type="stmt"/>
        <line num="26" count="44" type="stmt"/>
      </file>
      <file name="message.repository.ts" path="D:\mychessNew\server\src\chat\entities\message.repository.ts">
        <metrics statements="4" coveredstatements="4" conditionals="0" coveredconditionals="0" methods="0" coveredmethods="0"/>
        <line num="1" count="32" type="stmt"/>
        <line num="2" count="32" type="stmt"/>
        <line num="3" count="32" type="stmt"/>
        <line num="6" count="32" type="stmt"/>
      </file>
    </package>
    <package name="src.chess">
      <metrics statements="924" coveredstatements="924" conditionals="703" coveredconditionals="682" methods="96" coveredmethods="96"/>
      <file name="chess.controller.ts" path="D:\mychessNew\server\src\chess\chess.controller.ts">
        <metrics statements="150" coveredstatements="150" conditionals="50" coveredconditionals="49" methods="22" coveredmethods="22"/>
        <line num="1" count="32" type="stmt"/>
        <line num="5" count="32" type="stmt"/>
        <line num="6" count="32" type="stmt"/>
        <line num="7" count="32" type="stmt"/>
        <line num="8" count="32" type="stmt"/>
        <line num="11" count="32" type="stmt"/>
        <line num="14" count="32" type="stmt"/>
        <line num="18" count="32" type="stmt"/>
        <line num="19" count="32" type="stmt"/>
        <line num="20" count="32" type="stmt"/>
        <line num="21" count="32" type="stmt"/>
        <line num="22" count="32" type="stmt"/>
        <line num="25" count="32" type="stmt"/>
        <line num="28" count="32" type="stmt"/>
        <line num="31" count="32" type="stmt"/>
        <line num="33" count="32" type="stmt"/>
        <line num="34" count="32" type="stmt"/>
        <line num="35" count="32" type="stmt"/>
        <line num="36" count="32" type="stmt"/>
        <line num="40" count="6" type="cond" truecount="2" falsecount="0"/>
        <line num="41" count="1" type="stmt"/>
        <line num="45" count="24" type="cond" truecount="2" falsecount="0"/>
        <line num="46" count="5" type="stmt"/>
        <line num="50" count="42" type="stmt"/>
        <line num="51" count="42" type="cond" truecount="2" falsecount="0"/>
        <line num="52" count="41" type="stmt"/>
        <line num="56" count="31" type="stmt"/>
        <line num="57" count="31" type="cond" truecount="2" falsecount="0"/>
        <line num="58" count="30" type="stmt"/>
        <line num="63" count="32" type="stmt"/>
        <line num="64" count="1" type="stmt"/>
        <line num="66" count="1" type="stmt"/>
        <line num="71" count="32" type="stmt"/>
        <line num="72" count="1" type="stmt"/>
        <line num="73" count="1" type="stmt"/>
        <line num="74" count="1" type="stmt"/>
        <line num="75" count="1" type="stmt"/>
        <line num="76" count="1" type="stmt"/>
        <line num="78" count="1" type="stmt"/>
        <line num="83" count="32" type="stmt"/>
        <line num="84" count="3" type="stmt"/>
        <line num="85" count="3" type="cond" truecount="2" falsecount="0"/>
        <line num="86" count="2" type="stmt"/>
        <line num="87" count="2" type="stmt"/>
        <line num="88" count="2" type="cond" truecount="1" falsecount="1"/>
        <line num="90" count="2" type="stmt"/>
        <line num="95" count="32" type="stmt"/>
        <line num="96" count="1" type="stmt"/>
        <line num="98" count="1" type="stmt"/>
        <line num="104" count="32" type="stmt"/>
        <line num="105" count="3" type="stmt"/>
        <line num="106" count="3" type="cond" truecount="2" falsecount="0"/>
        <line num="107" count="1" type="stmt"/>
        <line num="109" count="2" type="stmt"/>
        <line num="110" count="2" type="cond" truecount="4" falsecount="0"/>
        <line num="112" count="2" type="stmt"/>
        <line num="118" count="32" type="stmt"/>
        <line num="119" count="4" type="stmt"/>
        <line num="120" count="4" type="stmt"/>
        <line num="121" count="3" type="stmt"/>
        <line num="123" count="2" type="stmt"/>
        <line num="124" count="2" type="cond" truecount="2" falsecount="0"/>
        <line num="126" count="1" type="stmt"/>
        <line num="127" count="1" type="stmt"/>
        <line num="133" count="32" type="stmt"/>
        <line num="134" count="3" type="stmt"/>
        <line num="135" count="2" type="stmt"/>
        <line num="137" count="2" type="stmt"/>
        <line num="139" count="2" type="stmt"/>
        <line num="140" count="2" type="stmt"/>
        <line num="146" count="32" type="stmt"/>
        <line num="147" count="1" type="stmt"/>
        <line num="148" count="1" type="stmt"/>
        <line num="149" count="1" type="stmt"/>
        <line num="151" count="1" type="stmt"/>
        <line num="153" count="1" type="stmt"/>
        <line num="154" count="1" type="stmt"/>
        <line num="160" count="32" type="stmt"/>
        <line num="161" count="5" type="stmt"/>
        <line num="162" count="5" type="stmt"/>
        <line num="163" count="4" type="stmt"/>
        <line num="165" count="4" type="cond" truecount="2" falsecount="0"/>
        <line num="166" count="2" type="stmt"/>
        <line num="168" count="2" type="stmt"/>
        <line num="170" count="2" type="stmt"/>
        <line num="176" count="32" type="stmt"/>
        <line num="177" count="9" type="stmt"/>
        <line num="178" count="9" type="stmt"/>
        <line num="179" count="8" type="stmt"/>
        <line num="180" count="8" type="cond" truecount="2" falsecount="0"/>
        <line num="182" count="8" type="cond" truecount="2" falsecount="0"/>
        <line num="183" count="2" type="stmt"/>
        <line num="185" count="6" type="stmt"/>
        <line num="189" count="6" type="stmt"/>
        <line num="194" count="6" type="stmt"/>
        <line num="196" count="6" type="stmt"/>
        <line num="198" count="8" type="cond" truecount="4" falsecount="0"/>
        <line num="203" count="6" type="cond" truecount="2" falsecount="0"/>
        <line num="205" count="5" type="stmt"/>
        <line num="206" count="5" type="cond" truecount="2" falsecount="0"/>
        <line num="209" count="4" type="cond" truecount="2" falsecount="0"/>
        <line num="211" count="4" type="stmt"/>
        <line num="213" count="4" type="cond" truecount="4" falsecount="0"/>
        <line num="215" count="4" type="stmt"/>
        <line num="216" count="4" type="stmt"/>
        <line num="222" count="32" type="stmt"/>
        <line num="223" count="6" type="stmt"/>
        <line num="224" count="6" type="stmt"/>
        <line num="225" count="5" type="stmt"/>
        <line num="226" count="5" type="cond" truecount="2" falsecount="0"/>
        <line num="228" count="5" type="cond" truecount="2" falsecount="0"/>
        <line num="229" count="1" type="stmt"/>
        <line num="231" count="4" type="cond" truecount="2" falsecount="0"/>
        <line num="232" count="1" type="stmt"/>
        <line num="234" count="3" type="stmt"/>
        <line num="236" count="3" type="stmt"/>
        <line num="238" count="3" type="stmt"/>
        <line num="239" count="3" type="stmt"/>
        <line num="245" count="32" type="stmt"/>
        <line num="246" count="1" type="stmt"/>
        <line num="247" count="1" type="stmt"/>
        <line num="248" count="1" type="stmt"/>
        <line num="250" count="1" type="stmt"/>
        <line num="252" count="1" type="stmt"/>
        <line num="253" count="1" type="stmt"/>
        <line num="259" count="32" type="stmt"/>
        <line num="260" count="2" type="stmt"/>
        <line num="261" count="2" type="stmt"/>
        <line num="262" count="1" type="stmt"/>
        <line num="264" count="1" type="stmt"/>
        <line num="266" count="1" type="stmt"/>
        <line num="267" count="1" type="stmt"/>
        <line num="273" count="32" type="stmt"/>
        <line num="274" count="4" type="stmt"/>
        <line num="275" count="4" type="stmt"/>
        <line num="277" count="4" type="cond" truecount="2" falsecount="0"/>
        <line num="278" count="1" type="stmt"/>
        <line num="280" count="6" type="stmt"/>
        <line num="282" count="3" type="cond" truecount="2" falsecount="0"/>
        <line num="283" count="1" type="stmt"/>
        <line num="285" count="2" type="stmt"/>
        <line num="287" count="2" type="stmt"/>
        <line num="288" count="2" type="stmt"/>
        <line num="293" count="32" type="stmt"/>
        <line num="294" count="2" type="stmt"/>
        <line num="295" count="2" type="stmt"/>
        <line num="296" count="2" type="stmt"/>
        <line num="298" count="1" type="stmt"/>
        <line num="300" count="1" type="stmt"/>
        <line num="301" count="1" type="stmt"/>
      </file>
      <file name="chess.gateway.ts" path="D:\mychessNew\server\src\chess\chess.gateway.ts">
        <metrics statements="53" coveredstatements="53" conditionals="26" coveredconditionals="24" methods="11" coveredmethods="11"/>
        <line num="1" count="32" type="stmt"/>
        <line num="2" count="32" type="stmt"/>
        <line num="3" count="32" type="stmt"/>
        <line num="6" count="32" type="stmt"/>
        <line num="9" count="32" type="stmt"/>
        <line num="10" count="32" type="stmt"/>
        <line num="11" count="32" type="stmt"/>
        <line num="14" count="32" type="stmt"/>
        <line num="17" count="32" type="stmt"/>
        <line num="20" count="32" type="stmt"/>
        <line num="21" count="32" type="stmt"/>
        <line num="24" count="32" type="stmt"/>
        <line num="25" count="32" type="stmt"/>
        <line num="28" count="32" type="stmt"/>
        <line num="30" count="32" type="stmt"/>
        <line num="33" count="17" type="stmt"/>
        <line num="34" count="17" type="stmt"/>
        <line num="38" count="8" type="stmt"/>
        <line num="39" count="8" type="cond" truecount="2" falsecount="0"/>
        <line num="41" count="7" type="stmt"/>
        <line num="45" count="2" type="stmt"/>
        <line num="46" count="2" type="cond" truecount="2" falsecount="0"/>
        <line num="50" count="1" type="stmt"/>
        <line num="51" count="1" type="stmt"/>
        <line num="56" count="32" type="stmt"/>
        <line num="57" count="2" type="stmt"/>
        <line num="58" count="2" type="stmt"/>
        <line num="59" count="1" type="stmt"/>
        <line num="60" count="1" type="stmt"/>
        <line num="62" count="1" type="stmt"/>
        <line num="67" count="32" type="stmt"/>
        <line num="68" count="2" type="stmt"/>
        <line num="70" count="1" type="stmt"/>
        <line num="74" count="2" type="stmt"/>
        <line num="80" count="2" type="stmt"/>
        <line num="85" count="32" type="stmt"/>
        <line num="86" count="4" type="stmt"/>
        <line num="87" count="4" type="cond" truecount="2" falsecount="0"/>
        <line num="88" count="3" type="cond" truecount="2" falsecount="0"/>
        <line num="89" count="3" type="stmt"/>
        <line num="90" count="3" type="stmt"/>
        <line num="91" count="3" type="cond" truecount="2" falsecount="0"/>
        <line num="92" count="1" type="stmt"/>
        <line num="93" count="1" type="stmt"/>
        <line num="96" count="4" type="stmt"/>
        <line num="99" count="32" type="stmt"/>
        <line num="100" count="15" type="cond" truecount="13" falsecount="1"/>
        <line num="101" count="1" type="stmt"/>
        <line num="102" count="1" type="stmt"/>
        <line num="104" count="1" type="cond" truecount="1" falsecount="1"/>
        <line num="105" count="1" type="stmt"/>
        <line num="106" count="1" type="stmt"/>
        <line num="107" count="1" type="stmt"/>
      </file>
      <file name="chess.module.ts" path="D:\mychessNew\server\src\chess\chess.module.ts">
        <metrics statements="14" coveredstatements="14" conditionals="0" coveredconditionals="0" methods="0" coveredmethods="0"/>
        <line num="1" count="32" type="stmt"/>
        <line num="2" count="32" type="stmt"/>
        <line num="5" count="32" type="stmt"/>
        <line num="8" count="32" type="stmt"/>
        <line num="9" count="32" type="stmt"/>
        <line num="10" count="32" type="stmt"/>
        <line num="11" count="32" type="stmt"/>
        <line num="14" count="32" type="stmt"/>
        <line num="15" count="32" type="stmt"/>
        <line num="18" count="32" type="stmt"/>
        <line num="19" count="32" type="stmt"/>
        <line num="20" count="32" type="stmt"/>
        <line num="23" count="32" type="stmt"/>
        <line num="30" count="32" type="stmt"/>
      </file>
      <file name="chess.service.ts" path="D:\mychessNew\server\src\chess\chess.service.ts">
        <metrics statements="452" coveredstatements="452" conditionals="507" coveredconditionals="492" methods="28" coveredmethods="28"/>
        <line num="1" count="32" type="stmt"/>
        <line num="4" count="32" type="stmt"/>
        <line num="7" count="32" type="stmt"/>
        <line num="8" count="32" type="stmt"/>
        <line num="11" count="32" type="stmt"/>
        <line num="12" count="32" type="stmt"/>
        <line num="15" count="103" type="stmt"/>
        <line num="16" count="103" type="stmt"/>
        <line num="18" count="103" type="cond" truecount="4" falsecount="0"/>
        <line num="19" count="101" type="cond" truecount="2" falsecount="0"/>
        <line num="20" count="34" type="stmt"/>
        <line num="21" count="34" type="stmt"/>
        <line num="23" count="34" type="cond" truecount="5" falsecount="0"/>
        <line num="24" count="30" type="stmt"/>
        <line num="27" count="34" type="cond" truecount="4" falsecount="0"/>
        <line num="30" count="34" type="cond" truecount="2" falsecount="0"/>
        <line num="36" count="2" type="stmt"/>
        <line num="38" count="34" type="cond" truecount="2" falsecount="0"/>
        <line num="44" count="3" type="stmt"/>
        <line num="45" count="67" type="cond" truecount="1" falsecount="1"/>
        <line num="46" count="67" type="stmt"/>
        <line num="47" count="67" type="stmt"/>
        <line num="49" count="67" type="cond" truecount="5" falsecount="0"/>
        <line num="50" count="62" type="stmt"/>
        <line num="52" count="67" type="cond" truecount="4" falsecount="0"/>
        <line num="54" count="67" type="cond" truecount="2" falsecount="0"/>
        <line num="60" count="2" type="stmt"/>
        <line num="62" count="67" type="cond" truecount="2" falsecount="0"/>
        <line num="68" count="3" type="stmt"/>
        <line num="71" count="101" type="stmt"/>
        <line num="73" count="101" type="cond" truecount="2" falsecount="0"/>
        <line num="74" count="17" type="cond" truecount="4" falsecount="0"/>
        <line num="75" count="2" type="cond" truecount="4" falsecount="1"/>
        <line num="76" count="2" type="cond" truecount="2" falsecount="0"/>
        <line num="77" count="2" type="cond" truecount="2" falsecount="0"/>
        <line num="81" count="17" type="cond" truecount="4" falsecount="0"/>
        <line num="82" count="2" type="cond" truecount="4" falsecount="1"/>
        <line num="83" count="2" type="cond" truecount="2" falsecount="0"/>
        <line num="84" count="2" type="cond" truecount="2" falsecount="0"/>
        <line num="89" count="101" type="stmt"/>
        <line num="93" count="53" type="stmt"/>
        <line num="94" count="53" type="stmt"/>
        <line num="96" count="53" type="stmt"/>
        <line num="97" count="6" type="cond" truecount="4" falsecount="0"/>
        <line num="100" count="53" type="stmt"/>
        <line num="104" count="40" type="stmt"/>
        <line num="105" count="40" type="stmt"/>
        <line num="107" count="40" type="stmt"/>
        <line num="108" count="5" type="cond" truecount="4" falsecount="0"/>
        <line num="109" count="2" type="cond" truecount="4" falsecount="0"/>
        <line num="110" count="2" type="cond" truecount="4" falsecount="0"/>
        <line num="114" count="40" type="stmt"/>
        <line num="118" count="40" type="stmt"/>
        <line num="119" count="40" type="stmt"/>
        <line num="121" count="40" type="stmt"/>
        <line num="122" count="5" type="cond" truecount="4" falsecount="0"/>
        <line num="123" count="2" type="cond" truecount="4" falsecount="0"/>
        <line num="124" count="2" type="cond" truecount="4" falsecount="0"/>
        <line num="128" count="40" type="stmt"/>
        <line num="132" count="21" type="stmt"/>
        <line num="133" count="21" type="stmt"/>
        <line num="134" count="21" type="stmt"/>
        <line num="135" count="21" type="stmt"/>
        <line num="137" count="21" type="stmt"/>
        <line num="138" count="168" type="stmt"/>
        <line num="139" count="168" type="stmt"/>
        <line num="141" count="168" type="cond" truecount="2" falsecount="0"/>
        <line num="148" count="54" type="stmt"/>
        <line num="153" count="21" type="stmt"/>
        <line num="154" count="21" type="stmt"/>
        <line num="155" count="21" type="stmt"/>
        <line num="157" count="21" type="cond" truecount="3" falsecount="1"/>
        <line num="158" count="21" type="cond" truecount="2" falsecount="0"/>
        <line num="166" count="3" type="stmt"/>
        <line num="168" count="21" type="cond" truecount="2" falsecount="0"/>
        <line num="176" count="1" type="stmt"/>
        <line num="179" count="21" type="cond" truecount="3" falsecount="1"/>
        <line num="180" count="21" type="cond" truecount="2" falsecount="0"/>
        <line num="189" count="2" type="stmt"/>
        <line num="191" count="21" type="cond" truecount="2" falsecount="0"/>
        <line num="200" count="1" type="stmt"/>
        <line num="202" count="21" type="stmt"/>
        <line num="206" count="23" type="stmt"/>
        <line num="207" count="23" type="stmt"/>
        <line num="208" count="23" type="stmt"/>
        <line num="209" count="23" type="stmt"/>
        <line num="210" count="23" type="stmt"/>
        <line num="211" count="184" type="stmt"/>
        <line num="212" count="184" type="stmt"/>
        <line num="214" count="184" type="cond" truecount="2" falsecount="0"/>
        <line num="221" count="53" type="stmt"/>
        <line num="224" count="23" type="stmt"/>
        <line num="228" count="39" type="stmt"/>
        <line num="229" count="39" type="stmt"/>
        <line num="231" count="39" type="stmt"/>
        <line num="232" count="39" type="stmt"/>
        <line num="233" count="39" type="cond" truecount="4" falsecount="0"/>
        <line num="234" count="53" type="cond" truecount="2" falsecount="0"/>
        <line num="236" count="28" type="cond" truecount="1" falsecount="1"/>
        <line num="237" count="28" type="stmt"/>
        <line num="238" count="28" type="cond" truecount="2" falsecount="0"/>
        <line num="241" count="27" type="stmt"/>
        <line num="245" count="39" type="stmt"/>
        <line num="246" count="39" type="stmt"/>
        <line num="247" count="39" type="cond" truecount="4" falsecount="0"/>
        <line num="248" count="29" type="cond" truecount="2" falsecount="0"/>
        <line num="250" count="10" type="cond" truecount="1" falsecount="1"/>
        <line num="251" count="10" type="stmt"/>
        <line num="252" count="10" type="cond" truecount="2" falsecount="0"/>
        <line num="255" count="8" type="stmt"/>
        <line num="259" count="39" type="stmt"/>
        <line num="260" count="39" type="stmt"/>
        <line num="261" count="39" type="cond" truecount="4" falsecount="0"/>
        <line num="262" count="46" type="cond" truecount="2" falsecount="0"/>
        <line num="264" count="33" type="cond" truecount="1" falsecount="1"/>
        <line num="265" count="33" type="stmt"/>
        <line num="266" count="33" type="cond" truecount="2" falsecount="0"/>
        <line num="269" count="32" type="stmt"/>
        <line num="273" count="39" type="stmt"/>
        <line num="274" count="39" type="stmt"/>
        <line num="275" count="39" type="cond" truecount="4" falsecount="0"/>
        <line num="276" count="31" type="cond" truecount="2" falsecount="0"/>
        <line num="278" count="10" type="cond" truecount="1" falsecount="1"/>
        <line num="279" count="10" type="stmt"/>
        <line num="280" count="10" type="cond" truecount="2" falsecount="0"/>
        <line num="283" count="9" type="stmt"/>
        <line num="286" count="39" type="stmt"/>
        <line num="290" count="38" type="stmt"/>
        <line num="291" count="38" type="stmt"/>
        <line num="293" count="38" type="stmt"/>
        <line num="294" count="38" type="stmt"/>
        <line num="296" count="38" type="cond" truecount="4" falsecount="0"/>
        <line num="297" count="23" type="cond" truecount="2" falsecount="0"/>
        <line num="299" count="15" type="cond" truecount="1" falsecount="1"/>
        <line num="300" count="15" type="stmt"/>
        <line num="301" count="15" type="cond" truecount="2" falsecount="0"/>
        <line num="304" count="14" type="stmt"/>
        <line num="305" count="14" type="stmt"/>
        <line num="309" count="38" type="stmt"/>
        <line num="310" count="38" type="stmt"/>
        <line num="312" count="38" type="cond" truecount="4" falsecount="0"/>
        <line num="313" count="40" type="cond" truecount="2" falsecount="0"/>
        <line num="315" count="30" type="cond" truecount="1" falsecount="1"/>
        <line num="316" count="30" type="stmt"/>
        <line num="317" count="30" type="cond" truecount="2" falsecount="0"/>
        <line num="320" count="28" type="stmt"/>
        <line num="321" count="28" type="stmt"/>
        <line num="325" count="38" type="stmt"/>
        <line num="326" count="38" type="stmt"/>
        <line num="328" count="38" type="cond" truecount="4" falsecount="0"/>
        <line num="329" count="35" type="cond" truecount="2" falsecount="0"/>
        <line num="331" count="15" type="cond" truecount="1" falsecount="1"/>
        <line num="332" count="15" type="stmt"/>
        <line num="333" count="15" type="cond" truecount="2" falsecount="0"/>
        <line num="336" count="14" type="stmt"/>
        <line num="337" count="14" type="stmt"/>
        <line num="341" count="38" type="stmt"/>
        <line num="342" count="38" type="stmt"/>
        <line num="344" count="38" type="cond" truecount="4" falsecount="0"/>
        <line num="345" count="38" type="cond" truecount="2" falsecount="0"/>
        <line num="347" count="17" type="cond" truecount="1" falsecount="1"/>
        <line num="348" count="17" type="stmt"/>
        <line num="349" count="17" type="cond" truecount="2" falsecount="0"/>
        <line num="352" count="14" type="stmt"/>
        <line num="353" count="14" type="stmt"/>
        <line num="356" count="38" type="stmt"/>
        <line num="360" count="14" type="stmt"/>
        <line num="361" count="14" type="stmt"/>
        <line num="362" count="14" type="stmt"/>
        <line num="363" count="14" type="stmt"/>
        <line num="364" count="14" type="stmt"/>
        <line num="365" count="14" type="stmt"/>
        <line num="367" count="14" type="stmt"/>
        <line num="371" count="308" type="stmt"/>
        <line num="373" count="308" type="stmt"/>
        <line num="374" count="1481" type="stmt"/>
        <line num="375" count="11018" type="cond" truecount="4" falsecount="0"/>
        <line num="376" count="305" type="stmt"/>
        <line num="386" count="3" type="stmt"/>
        <line num="390" count="325" type="stmt"/>
        <line num="394" count="325" type="stmt"/>
        <line num="395" count="325" type="stmt"/>
        <line num="397" count="325" type="cond" truecount="4" falsecount="0"/>
        <line num="398" count="565" type="cond" truecount="2" falsecount="0"/>
        <line num="399" count="281" type="cond" truecount="2" falsecount="0"/>
        <line num="403" count="43" type="stmt"/>
        <line num="405" count="238" type="stmt"/>
        <line num="408" count="284" type="stmt"/>
        <line num="411" count="282" type="stmt"/>
        <line num="412" count="282" type="stmt"/>
        <line num="413" count="282" type="cond" truecount="4" falsecount="0"/>
        <line num="414" count="379" type="cond" truecount="2" falsecount="0"/>
        <line num="415" count="244" type="cond" truecount="2" falsecount="0"/>
        <line num="419" count="7" type="stmt"/>
        <line num="421" count="237" type="stmt"/>
        <line num="424" count="135" type="stmt"/>
        <line num="427" count="275" type="stmt"/>
        <line num="428" count="275" type="stmt"/>
        <line num="429" count="275" type="cond" truecount="4" falsecount="0"/>
        <line num="430" count="311" type="cond" truecount="2" falsecount="0"/>
        <line num="431" count="70" type="cond" truecount="2" falsecount="0"/>
        <line num="435" count="4" type="stmt"/>
        <line num="437" count="66" type="stmt"/>
        <line num="440" count="241" type="stmt"/>
        <line num="443" count="271" type="stmt"/>
        <line num="444" count="271" type="stmt"/>
        <line num="445" count="271" type="cond" truecount="4" falsecount="0"/>
        <line num="446" count="277" type="cond" truecount="2" falsecount="0"/>
        <line num="447" count="163" type="cond" truecount="2" falsecount="0"/>
        <line num="451" count="3" type="stmt"/>
        <line num="453" count="160" type="stmt"/>
        <line num="456" count="114" type="stmt"/>
        <line num="461" count="268" type="stmt"/>
        <line num="462" count="268" type="stmt"/>
        <line num="463" count="268" type="cond" truecount="4" falsecount="0"/>
        <line num="464" count="181" type="cond" truecount="2" falsecount="0"/>
        <line num="465" count="64" type="cond" truecount="2" falsecount="0"/>
        <line num="469" count="2" type="stmt"/>
        <line num="471" count="62" type="stmt"/>
        <line num="474" count="117" type="stmt"/>
        <line num="475" count="117" type="stmt"/>
        <line num="478" count="266" type="stmt"/>
        <line num="479" count="266" type="stmt"/>
        <line num="480" count="266" type="cond" truecount="4" falsecount="0"/>
        <line num="481" count="192" type="cond" truecount="2" falsecount="0"/>
        <line num="482" count="65" type="cond" truecount="2" falsecount="0"/>
        <line num="486" count="2" type="stmt"/>
        <line num="488" count="63" type="stmt"/>
        <line num="491" count="127" type="stmt"/>
        <line num="492" count="127" type="stmt"/>
        <line num="495" count="264" type="stmt"/>
        <line num="496" count="264" type="stmt"/>
        <line num="497" count="264" type="cond" truecount="4" falsecount="0"/>
        <line num="498" count="239" type="cond" truecount="2" falsecount="0"/>
        <line num="499" count="149" type="cond" truecount="2" falsecount="0"/>
        <line num="503" count="2" type="stmt"/>
        <line num="505" count="147" type="stmt"/>
        <line num="508" count="90" type="stmt"/>
        <line num="509" count="90" type="stmt"/>
        <line num="512" count="262" type="stmt"/>
        <line num="513" count="262" type="stmt"/>
        <line num="514" count="262" type="cond" truecount="4" falsecount="0"/>
        <line num="515" count="239" type="cond" truecount="2" falsecount="0"/>
        <line num="516" count="151" type="cond" truecount="2" falsecount="0"/>
        <line num="520" count="2" type="stmt"/>
        <line num="522" count="149" type="stmt"/>
        <line num="525" count="88" type="stmt"/>
        <line num="526" count="88" type="stmt"/>
        <line num="530" count="260" type="stmt"/>
        <line num="531" count="260" type="stmt"/>
        <line num="532" count="260" type="stmt"/>
        <line num="533" count="2080" type="stmt"/>
        <line num="534" count="2080" type="stmt"/>
        <line num="535" count="2080" type="cond" truecount="6" falsecount="0"/>
        <line num="536" count="1068" type="cond" truecount="2" falsecount="0"/>
        <line num="541" count="1" type="stmt"/>
        <line num="547" count="259" type="cond" truecount="2" falsecount="0"/>
        <line num="549" count="88" type="stmt"/>
        <line num="550" count="88" type="stmt"/>
        <line num="551" count="88" type="stmt"/>
        <line num="552" count="174" type="stmt"/>
        <line num="553" count="174" type="stmt"/>
        <line num="554" count="174" type="cond" truecount="6" falsecount="0"/>
        <line num="555" count="172" type="cond" truecount="2" falsecount="0"/>
        <line num="560" count="3" type="stmt"/>
        <line num="566" count="171" type="stmt"/>
        <line num="567" count="171" type="stmt"/>
        <line num="568" count="171" type="stmt"/>
        <line num="569" count="342" type="stmt"/>
        <line num="570" count="342" type="stmt"/>
        <line num="571" count="342" type="cond" truecount="6" falsecount="0"/>
        <line num="572" count="336" type="cond" truecount="2" falsecount="0"/>
        <line num="577" count="1" type="stmt"/>
        <line num="584" count="255" type="stmt"/>
        <line num="585" count="255" type="stmt"/>
        <line num="586" count="255" type="stmt"/>
        <line num="587" count="2037" type="stmt"/>
        <line num="588" count="2037" type="stmt"/>
        <line num="589" count="2037" type="cond" truecount="6" falsecount="0"/>
        <line num="590" count="1290" type="cond" truecount="2" falsecount="0"/>
        <line num="595" count="1" type="stmt"/>
        <line num="599" count="254" type="stmt"/>
        <line num="603" count="15" type="stmt"/>
        <line num="604" count="15" type="stmt"/>
        <line num="605" count="15" type="stmt"/>
        <line num="606" count="15" type="stmt"/>
        <line num="608" count="15" type="cond" truecount="5" falsecount="0"/>
        <line num="609" count="6" type="cond" truecount="5" falsecount="0"/>
        <line num="610" count="6" type="cond" truecount="5" falsecount="0"/>
        <line num="612" count="15" type="stmt"/>
        <line num="616" count="15" type="stmt"/>
        <line num="617" count="15" type="stmt"/>
        <line num="618" count="15" type="stmt"/>
        <line num="619" count="15" type="stmt"/>
        <line num="620" count="15" type="cond" truecount="5" falsecount="0"/>
        <line num="621" count="6" type="cond" truecount="5" falsecount="0"/>
        <line num="622" count="6" type="cond" truecount="5" falsecount="0"/>
        <line num="624" count="15" type="stmt"/>
        <line num="628" count="269" type="stmt"/>
        <line num="629" count="269" type="stmt"/>
        <line num="630" count="269" type="cond" truecount="2" falsecount="0"/>
        <line num="635" count="4" type="cond" truecount="1" falsecount="1"/>
        <line num="640" count="4" type="stmt"/>
        <line num="642" count="269" type="cond" truecount="2" falsecount="0"/>
        <line num="647" count="3" type="cond" truecount="1" falsecount="1"/>
        <line num="652" count="3" type="stmt"/>
        <line num="654" count="269" type="stmt"/>
        <line num="658" count="252" type="stmt"/>
        <line num="660" count="252" type="stmt"/>
        <line num="662" count="252" type="stmt"/>
        <line num="667" count="252" type="stmt"/>
        <line num="668" count="252" type="cond" truecount="2" falsecount="0"/>
        <line num="669" count="2" type="cond" truecount="2" falsecount="0"/>
        <line num="670" count="1" type="stmt"/>
        <line num="674" count="2" type="cond" truecount="2" falsecount="0"/>
        <line num="675" count="1" type="stmt"/>
        <line num="682" count="252" type="stmt"/>
        <line num="685" count="252" type="cond" truecount="2" falsecount="0"/>
        <line num="686" count="2" type="stmt"/>
        <line num="691" count="252" type="stmt"/>
        <line num="693" count="252" type="stmt"/>
        <line num="698" count="252" type="stmt"/>
        <line num="700" count="252" type="stmt"/>
        <line num="701" count="252" type="cond" truecount="4" falsecount="0"/>
        <line num="704" count="252" type="cond" truecount="2" falsecount="0"/>
        <line num="705" count="252" type="stmt"/>
        <line num="707" count="252" type="stmt"/>
        <line num="712" count="252" type="stmt"/>
        <line num="714" count="252" type="stmt"/>
        <line num="718" count="174" type="stmt"/>
        <line num="721" count="174" type="stmt"/>
        <line num="723" count="174" type="stmt"/>
        <line num="725" count="18" type="stmt"/>
        <line num="726" count="18" type="stmt"/>
        <line num="729" count="21" type="stmt"/>
        <line num="730" count="21" type="stmt"/>
        <line num="733" count="10" type="stmt"/>
        <line num="734" count="10" type="stmt"/>
        <line num="737" count="18" type="stmt"/>
        <line num="738" count="18" type="stmt"/>
        <line num="741" count="86" type="stmt"/>
        <line num="742" count="86" type="stmt"/>
        <line num="745" count="16" type="stmt"/>
        <line num="746" count="16" type="stmt"/>
        <line num="749" count="5" type="stmt"/>
        <line num="750" count="5" type="stmt"/>
        <line num="754" count="174" type="stmt"/>
        <line num="756" count="174" type="stmt"/>
        <line num="757" count="240" type="cond" truecount="2" falsecount="0"/>
        <line num="760" count="174" type="stmt"/>
        <line num="764" count="168" type="stmt"/>
        <line num="768" count="12" type="stmt"/>
        <line num="769" count="12" type="stmt"/>
        <line num="771" count="12" type="stmt"/>
        <line num="772" count="12" type="cond" truecount="2" falsecount="0"/>
        <line num="774" count="4" type="stmt"/>
        <line num="775" count="26" type="stmt"/>
        <line num="776" count="201" type="cond" truecount="2" falsecount="0"/>
        <line num="777" count="21" type="stmt"/>
        <line num="778" count="21" type="cond" truecount="2" falsecount="0"/>
        <line num="782" count="2" type="stmt"/>
        <line num="783" count="2" type="stmt"/>
        <line num="784" count="2" type="stmt"/>
        <line num="785" count="2" type="stmt"/>
        <line num="786" count="2" type="stmt"/>
        <line num="787" count="2" type="stmt"/>
        <line num="788" count="2" type="stmt"/>
        <line num="789" count="2" type="stmt"/>
        <line num="790" count="2" type="stmt"/>
        <line num="791" count="2" type="stmt"/>
        <line num="795" count="12" type="stmt"/>
        <line num="796" count="12" type="stmt"/>
        <line num="797" count="12" type="cond" truecount="2" falsecount="0"/>
        <line num="799" count="9" type="stmt"/>
        <line num="800" count="23" type="stmt"/>
        <line num="801" count="166" type="cond" truecount="2" falsecount="0"/>
        <line num="802" count="10" type="stmt"/>
        <line num="803" count="10" type="cond" truecount="2" falsecount="0"/>
        <line num="807" count="2" type="stmt"/>
        <line num="808" count="2" type="stmt"/>
        <line num="809" count="2" type="stmt"/>
        <line num="810" count="2" type="stmt"/>
        <line num="812" count="2" type="stmt"/>
        <line num="813" count="2" type="stmt"/>
        <line num="814" count="2" type="stmt"/>
        <line num="815" count="2" type="stmt"/>
        <line num="816" count="2" type="stmt"/>
        <line num="817" count="2" type="stmt"/>
        <line num="821" count="11" type="stmt"/>
        <line num="822" count="11" type="stmt"/>
        <line num="823" count="11" type="cond" truecount="4" falsecount="0"/>
        <line num="824" count="9" type="stmt"/>
        <line num="828" count="17" type="stmt"/>
        <line num="829" count="17" type="cond" truecount="2" falsecount="0"/>
        <line num="830" count="16" type="cond" truecount="2" falsecount="0"/>
        <line num="831" count="16" type="cond" truecount="2" falsecount="0"/>
        <line num="832" count="13" type="stmt"/>
        <line num="833" count="13" type="stmt"/>
        <line num="834" count="13" type="stmt"/>
        <line num="835" count="13" type="stmt"/>
        <line num="836" count="13" type="stmt"/>
        <line num="837" count="13" type="stmt"/>
        <line num="838" count="13" type="stmt"/>
        <line num="840" count="13" type="stmt"/>
        <line num="841" count="13" type="cond" truecount="2" falsecount="0"/>
        <line num="842" count="1" type="stmt"/>
        <line num="847" count="13" type="stmt"/>
        <line num="848" count="13" type="cond" truecount="2" falsecount="0"/>
        <line num="849" count="2" type="cond" truecount="2" falsecount="0"/>
        <line num="850" count="1" type="stmt"/>
        <line num="854" count="1" type="stmt"/>
        <line num="859" count="2" type="cond" truecount="2" falsecount="0"/>
        <line num="860" count="1" type="stmt"/>
        <line num="864" count="1" type="stmt"/>
        <line num="871" count="13" type="stmt"/>
        <line num="872" count="13" type="cond" truecount="2" falsecount="0"/>
        <line num="873" count="2" type="cond" truecount="2" falsecount="0"/>
        <line num="874" count="1" type="stmt"/>
        <line num="878" count="1" type="stmt"/>
        <line num="883" count="2" type="cond" truecount="2" falsecount="0"/>
        <line num="884" count="1" type="stmt"/>
        <line num="888" count="1" type="stmt"/>
        <line num="895" count="13" type="stmt"/>
        <line num="897" count="13" type="stmt"/>
        <line num="901" count="13" type="stmt"/>
        <line num="902" count="13" type="stmt"/>
        <line num="903" count="13" type="stmt"/>
        <line num="904" count="13" type="stmt"/>
        <line num="905" count="13" type="stmt"/>
        <line num="906" count="13" type="stmt"/>
        <line num="907" count="13" type="stmt"/>
        <line num="909" count="13" type="cond" truecount="2" falsecount="0"/>
        <line num="910" count="13" type="stmt"/>
        <line num="911" count="3" type="stmt"/>
        <line num="913" count="13" type="stmt"/>
        <line num="918" count="11" type="stmt"/>
        <line num="919" count="11" type="cond" truecount="2" falsecount="0"/>
        <line num="920" count="10" type="cond" truecount="4" falsecount="0"/>
        <line num="921" count="7" type="cond" truecount="4" falsecount="0"/>
        <line num="922" count="4" type="stmt"/>
        <line num="927" count="8" type="stmt"/>
        <line num="928" count="8" type="stmt"/>
        <line num="929" count="8" type="stmt"/>
        <line num="932" count="8" type="stmt"/>
        <line num="933" count="8" type="cond" truecount="2" falsecount="0"/>
        <line num="934" count="8" type="stmt"/>
        <line num="939" count="32" type="stmt"/>
        <line num="940" count="32" type="stmt"/>
        <line num="942" count="32" type="cond" truecount="2" falsecount="0"/>
        <line num="943" count="5" type="stmt"/>
        <line num="947" count="27" type="stmt"/>
        <line num="948" count="32" type="stmt"/>
      </file>
      <file name="chessBot.service.ts" path="D:\mychessNew\server\src\chess\chessBot.service.ts">
        <metrics statements="66" coveredstatements="66" conditionals="34" coveredconditionals="34" methods="8" coveredmethods="8"/>
        <line num="1" count="32" type="stmt"/>
        <line num="4" count="32" type="stmt"/>
        <line num="5" count="32" type="stmt"/>
        <line num="8" count="32" type="stmt"/>
        <line num="11" count="32" type="stmt"/>
        <line num="12" count="32" type="stmt"/>
        <line num="16" count="3" type="stmt"/>
        <line num="17" count="3" type="stmt"/>
        <line num="18" count="3" type="stmt"/>
        <line num="23" count="3" type="stmt"/>
        <line num="26" count="3" type="stmt"/>
        <line num="27" count="182" type="stmt"/>
        <line num="31" count="3" type="stmt"/>
        <line num="32" count="3" type="stmt"/>
        <line num="34" count="3" type="stmt"/>
        <line num="35" count="60" type="stmt"/>
        <line num="36" count="60" type="cond" truecount="2" falsecount="0"/>
        <line num="37" count="3" type="stmt"/>
        <line num="38" count="3" type="stmt"/>
        <line num="42" count="3" type="stmt"/>
        <line num="47" count="9" type="stmt"/>
        <line num="48" count="9" type="stmt"/>
        <line num="49" count="9" type="stmt"/>
        <line num="51" count="9" type="stmt"/>
        <line num="52" count="9" type="cond" truecount="2" falsecount="0"/>
        <line num="53" count="9" type="stmt"/>
        <line num="58" count="9" type="stmt"/>
        <line num="59" count="9" type="stmt"/>
        <line num="60" count="9" type="cond" truecount="2" falsecount="0"/>
        <line num="61" count="8" type="stmt"/>
        <line num="62" count="64" type="stmt"/>
        <line num="63" count="512" type="cond" truecount="2" falsecount="0"/>
        <line num="64" count="128" type="stmt"/>
        <line num="65" count="128" type="cond" truecount="2" falsecount="0"/>
        <line num="66" count="80" type="stmt"/>
        <line num="67" count="160" type="stmt"/>
        <line num="82" count="9" type="stmt"/>
        <line num="87" count="62" type="stmt"/>
        <line num="88" count="62" type="stmt"/>
        <line num="89" count="62" type="cond" truecount="2" falsecount="0"/>
        <line num="90" count="61" type="stmt"/>
        <line num="94" count="61" type="stmt"/>
        <line num="99" count="61" type="stmt"/>
        <line num="100" count="488" type="stmt"/>
        <line num="101" count="3904" type="cond" truecount="2" falsecount="0"/>
        <line num="103" count="1952" type="stmt"/>
        <line num="105" count="976" type="cond" truecount="2" falsecount="0"/>
        <line num="106" count="976" type="stmt"/>
        <line num="109" count="244" type="cond" truecount="2" falsecount="0"/>
        <line num="110" count="244" type="stmt"/>
        <line num="113" count="244" type="cond" truecount="2" falsecount="0"/>
        <line num="114" count="244" type="stmt"/>
        <line num="117" count="244" type="cond" truecount="2" falsecount="0"/>
        <line num="118" count="244" type="stmt"/>
        <line num="121" count="122" type="cond" truecount="2" falsecount="0"/>
        <line num="122" count="122" type="stmt"/>
        <line num="125" count="122" type="cond" truecount="2" falsecount="0"/>
        <line num="126" count="122" type="stmt"/>
        <line num="134" count="62" type="stmt"/>
        <line num="139" count="2" type="stmt"/>
        <line num="140" count="2" type="stmt"/>
        <line num="143" count="2" type="stmt"/>
        <line num="144" count="2" type="stmt"/>
        <line num="147" count="2" type="stmt"/>
        <line num="148" count="2" type="cond" truecount="2" falsecount="0"/>
        <line num="150" count="2" type="stmt"/>
      </file>
      <file name="chessCommon.service.ts" path="D:\mychessNew\server\src\chess\chessCommon.service.ts">
        <metrics statements="182" coveredstatements="182" conditionals="84" coveredconditionals="81" methods="26" coveredmethods="26"/>
        <line num="1" count="32" type="stmt"/>
        <line num="4" count="32" type="stmt"/>
        <line num="5" count="32" type="stmt"/>
        <line num="6" count="32" type="stmt"/>
        <line num="9" count="32" type="stmt"/>
        <line num="10" count="32" type="stmt"/>
        <line num="11" count="32" type="stmt"/>
        <line num="12" count="32" type="stmt"/>
        <line num="15" count="32" type="stmt"/>
        <line num="16" count="32" type="stmt"/>
        <line num="19" count="32" type="stmt"/>
        <line num="21" count="32" type="stmt"/>
        <line num="22" count="32" type="stmt"/>
        <line num="23" count="32" type="stmt"/>
        <line num="24" count="32" type="stmt"/>
        <line num="25" count="32" type="stmt"/>
        <line num="29" count="4" type="stmt"/>
        <line num="35" count="4" type="cond" truecount="2" falsecount="0"/>
        <line num="36" count="4" type="stmt"/>
        <line num="38" count="2" type="stmt"/>
        <line num="43" count="2" type="stmt"/>
        <line num="44" count="4" type="cond" truecount="5" falsecount="1"/>
        <line num="46" count="2" type="stmt"/>
        <line num="47" count="2" type="stmt"/>
        <line num="48" count="2" type="stmt"/>
        <line num="52" count="52" type="stmt"/>
        <line num="53" count="52" type="cond" truecount="2" falsecount="0"/>
        <line num="54" count="63" type="stmt"/>
        <line num="55" count="51" type="stmt"/>
        <line num="60" count="131" type="stmt"/>
        <line num="61" count="131" type="stmt"/>
        <line num="62" count="131" type="stmt"/>
        <line num="64" count="131" type="stmt"/>
        <line num="65" count="131" type="stmt"/>
        <line num="66" count="131" type="stmt"/>
        <line num="68" count="131" type="stmt"/>
        <line num="69" count="131" type="stmt"/>
        <line num="71" count="131" type="cond" truecount="2" falsecount="0"/>
        <line num="72" count="12" type="stmt"/>
        <line num="73" count="12" type="stmt"/>
        <line num="76" count="131" type="stmt"/>
        <line num="80" count="1325" type="stmt"/>
        <line num="84" count="2895" type="stmt"/>
        <line num="85" count="2895" type="stmt"/>
        <line num="89" count="10" type="stmt"/>
        <line num="90" count="10" type="stmt"/>
        <line num="91" count="10" type="stmt"/>
        <line num="92" count="381" type="stmt"/>
        <line num="94" count="10" type="stmt"/>
        <line num="98" count="230" type="stmt"/>
        <line num="99" count="230" type="cond" truecount="9" falsecount="0"/>
        <line num="100" count="226" type="cond" truecount="2" falsecount="0"/>
        <line num="102" count="226" type="stmt"/>
        <line num="114" count="226" type="stmt"/>
        <line num="115" count="226" type="stmt"/>
        <line num="117" count="4" type="stmt"/>
        <line num="121" count="57" type="stmt"/>
        <line num="123" count="57" type="cond" truecount="5" falsecount="0"/>
        <line num="124" count="53" type="stmt"/>
        <line num="125" count="53" type="stmt"/>
        <line num="126" count="53" type="stmt"/>
        <line num="127" count="53" type="stmt"/>
        <line num="128" count="53" type="stmt"/>
        <line num="130" count="4" type="stmt"/>
        <line num="134" count="12" type="stmt"/>
        <line num="135" count="12" type="stmt"/>
        <line num="136" count="12" type="stmt"/>
        <line num="137" count="12" type="stmt"/>
        <line num="138" count="12" type="stmt"/>
        <line num="139" count="12" type="stmt"/>
        <line num="141" count="12" type="stmt"/>
        <line num="145" count="18" type="stmt"/>
        <line num="146" count="18" type="cond" truecount="2" falsecount="0"/>
        <line num="147" count="17" type="cond" truecount="2" falsecount="0"/>
        <line num="148" count="17" type="stmt"/>
        <line num="149" count="17" type="stmt"/>
        <line num="150" count="17" type="stmt"/>
        <line num="151" count="17" type="stmt"/>
        <line num="152" count="17" type="stmt"/>
        <line num="153" count="17" type="stmt"/>
        <line num="154" count="17" type="stmt"/>
        <line num="155" count="17" type="stmt"/>
        <line num="157" count="18" type="stmt"/>
        <line num="161" count="5" type="stmt"/>
        <line num="162" count="5" type="cond" truecount="2" falsecount="0"/>
        <line num="163" count="4" type="cond" truecount="2" falsecount="0"/>
        <line num="164" count="2" type="stmt"/>
        <line num="165" count="2" type="stmt"/>
        <line num="166" count="2" type="stmt"/>
        <line num="167" count="2" type="stmt"/>
        <line num="168" count="2" type="stmt"/>
        <line num="169" count="2" type="stmt"/>
        <line num="170" count="2" type="stmt"/>
        <line num="171" count="2" type="stmt"/>
[...]
        <line num="1" count="32" type="cond" truecount="2" falsecount="0"/>
        <line num="2" count="32" type="stmt"/>
      </file>
      <file name="user.controller.ts" path="D:\mychessNew\server\src\user\user.controller.ts">
        <metrics statements="117" coveredstatements="117" conditionals="40" coveredconditionals="40" methods="11" coveredmethods="11"/>
        <line num="1" count="32" type="stmt"/>
        <line num="2" count="32" type="stmt"/>
        <line num="6" count="32" type="stmt"/>
        <line num="7" count="32" type="stmt"/>
        <line num="8" count="32" type="stmt"/>
        <line num="9" count="32" type="stmt"/>
        <line num="10" count="32" type="stmt"/>
        <line num="11" count="32" type="stmt"/>
        <line num="17" count="32" type="stmt"/>
        <line num="19" count="32" type="stmt"/>
        <line num="22" count="32" type="stmt"/>
        <line num="23" count="32" type="stmt"/>
        <line num="24" count="32" type="stmt"/>
        <line num="25" count="32" type="stmt"/>
        <line num="26" count="32" type="stmt"/>
        <line num="27" count="32" type="stmt"/>
        <line num="31" count="32" type="stmt"/>
        <line num="32" count="32" type="stmt"/>
        <line num="35" count="32" type="stmt"/>
        <line num="37" count="32" type="stmt"/>
        <line num="39" count="32" type="stmt"/>
        <line num="40" count="32" type="stmt"/>
        <line num="41" count="32" type="stmt"/>
        <line num="42" count="32" type="stmt"/>
        <line num="43" count="32" type="stmt"/>
        <line num="48" count="32" type="stmt"/>
        <line num="50" count="1" type="stmt"/>
        <line num="52" count="1" type="stmt"/>
        <line num="56" count="32" type="stmt"/>
        <line num="58" count="6" type="stmt"/>
        <line num="61" count="6" type="stmt"/>
        <line num="62" count="6" type="stmt"/>
        <line num="66" count="32" type="stmt"/>
        <line num="68" count="2" type="stmt"/>
        <line num="69" count="2" type="cond" truecount="2" falsecount="0"/>
        <line num="71" count="1" type="stmt"/>
        <line num="77" count="32" type="stmt"/>
        <line num="79" count="1" type="stmt"/>
        <line num="82" count="1" type="stmt"/>
        <line num="83" count="1" type="stmt"/>
        <line num="85" count="1" type="stmt"/>
        <line num="91" count="32" type="stmt"/>
        <line num="93" count="5" type="cond" truecount="2" falsecount="0"/>
        <line num="96" count="4" type="stmt"/>
        <line num="97" count="4" type="cond" truecount="2" falsecount="0"/>
        <line num="98" count="1" type="stmt"/>
        <line num="106" count="3" type="stmt"/>
        <line num="107" count="3" type="cond" truecount="2" falsecount="0"/>
        <line num="108" count="1" type="stmt"/>
        <line num="111" count="2" type="stmt"/>
        <line num="112" count="2" type="cond" truecount="2" falsecount="0"/>
        <line num="113" count="1" type="stmt"/>
        <line num="116" count="1" type="stmt"/>
        <line num="117" count="1" type="stmt"/>
        <line num="118" count="1" type="stmt"/>
        <line num="120" count="1" type="stmt"/>
        <line num="125" count="32" type="stmt"/>
        <line num="127" count="2" type="stmt"/>
        <line num="128" count="2" type="stmt"/>
        <line num="129" count="2" type="cond" truecount="2" falsecount="0"/>
        <line num="130" count="1" type="stmt"/>
        <line num="133" count="1" type="stmt"/>
        <line num="134" count="1" type="stmt"/>
        <line num="136" count="1" type="stmt"/>
        <line num="140" count="32" type="stmt"/>
        <line num="142" count="4" type="cond" truecount="2" falsecount="0"/>
        <line num="145" count="3" type="stmt"/>
        <line num="146" count="3" type="cond" truecount="2" falsecount="0"/>
        <line num="149" count="1" type="stmt"/>
        <line num="150" count="1" type="stmt"/>
        <line num="151" count="1" type="stmt"/>
        <line num="152" count="1" type="stmt"/>
        <line num="154" count="1" type="stmt"/>
        <line num="158" count="32" type="stmt"/>
        <line num="160" count="6" type="cond" truecount="2" falsecount="0"/>
        <line num="163" count="5" type="stmt"/>
        <line num="164" count="5" type="cond" truecount="2" falsecount="0"/>
        <line num="167" count="3" type="stmt"/>
        <line num="168" count="3" type="cond" truecount="2" falsecount="0"/>
        <line num="169" count="1" type="stmt"/>
        <line num="170" count="2" type="cond" truecount="2" falsecount="0"/>
        <line num="171" count="1" type="stmt"/>
        <line num="174" count="3" type="stmt"/>
        <line num="175" count="3" type="stmt"/>
        <line num="177" count="3" type="stmt"/>
        <line num="184" count="32" type="stmt"/>
        <line num="186" count="5" type="stmt"/>
        <line num="187" count="5" type="stmt"/>
        <line num="192" count="5" type="cond" truecount="2" falsecount="0"/>
        <line num="193" count="1" type="stmt"/>
        <line num="199" count="4" type="stmt"/>
        <line num="200" count="4" type="cond" truecount="2" falsecount="0"/>
        <line num="203" count="3" type="stmt"/>
        <line num="204" count="3" type="stmt"/>
        <line num="205" count="3" type="stmt"/>
        <line num="210" count="3" type="cond" truecount="2" falsecount="0"/>
        <line num="211" count="1" type="stmt"/>
        <line num="217" count="2" type="stmt"/>
        <line num="218" count="2" type="stmt"/>
        <line num="219" count="2" type="cond" truecount="2" falsecount="0"/>
        <line num="221" count="1" type="stmt"/>
        <line num="227" count="32" type="stmt"/>
        <line num="229" count="5" type="stmt"/>
        <line num="230" count="5" type="stmt"/>
        <line num="235" count="5" type="cond" truecount="2" falsecount="0"/>
        <line num="236" count="1" type="stmt"/>
        <line num="242" count="4" type="stmt"/>
        <line num="243" count="4" type="cond" truecount="2" falsecount="0"/>
        <line num="245" count="3" type="stmt"/>
        <line num="246" count="3" type="stmt"/>
        <line num="249" count="3" type="stmt"/>
        <line num="254" count="3" type="cond" truecount="2" falsecount="0"/>
        <line num="255" count="1" type="stmt"/>
        <line num="261" count="2" type="stmt"/>
        <line num="262" count="2" type="stmt"/>
        <line num="263" count="2" type="cond" truecount="2" falsecount="0"/>
        <line num="265" count="1" type="stmt"/>
      </file>
      <file name="user.gateway.ts" path="D:\mychessNew\server\src\user\user.gateway.ts">
        <metrics statements="12" coveredstatements="12" conditionals="0" coveredconditionals="0" methods="3" coveredmethods="3"/>
        <line num="1" count="32" type="stmt"/>
        <line num="2" count="32" type="stmt"/>
        <line num="3" count="32" type="stmt"/>
        <line num="4" count="32" type="stmt"/>
        <line num="5" count="32" type="stmt"/>
        <line num="7" count="32" type="stmt"/>
        <line num="10" count="32" type="stmt"/>
        <line num="12" count="32" type="stmt"/>
        <line num="14" count="32" type="stmt"/>
        <line num="18" count="32" type="stmt"/>
        <line num="19" count="1" type="stmt"/>
        <line num="21" count="1" type="stmt"/>
      </file>
      <file name="user.module.ts" path="D:\mychessNew\server\src\user\user.module.ts">
        <metrics statements="16" coveredstatements="16" conditionals="0" coveredconditionals="0" methods="1" coveredmethods="1"/>
        <line num="1" count="32" type="stmt"/>
        <line num="2" count="32" type="stmt"/>
        <line num="5" count="32" type="stmt"/>
        <line num="6" count="32" type="stmt"/>
        <line num="9" count="32" type="stmt"/>
        <line num="12" count="32" type="stmt"/>
        <line num="13" count="32" type="stmt"/>
        <line num="16" count="32" type="stmt"/>
        <line num="17" count="32" type="stmt"/>
        <line num="18" count="32" type="stmt"/>
        <line num="19" count="32" type="stmt"/>
        <line num="22" count="32" type="stmt"/>
        <line num="23" count="32" type="stmt"/>
        <line num="26" count="32" type="stmt"/>
        <line num="31" count="96" type="stmt"/>
        <line num="42" count="32" type="stmt"/>
      </file>
      <file name="user.service.ts" path="D:\mychessNew\server\src\user\user.service.ts">
        <metrics statements="19" coveredstatements="19" conditionals="2" coveredconditionals="2" methods="7" coveredmethods="7"/>
        <line num="1" count="32" type="stmt"/>
        <line num="4" count="32" type="stmt"/>
        <line num="10" count="32" type="stmt"/>
        <line num="13" count="32" type="stmt"/>
        <line num="16" count="32" type="stmt"/>
        <line num="17" count="32" type="stmt"/>
        <line num="20" count="4" type="stmt"/>
        <line num="21" count="4" type="cond" truecount="2" falsecount="0"/>
        <line num="22" count="2" type="stmt"/>
        <line num="26" count="66" type="stmt"/>
        <line num="29" count="33" type="stmt"/>
        <line num="33" count="25" type="stmt"/>
        <line num="37" count="10" type="stmt"/>
        <line num="44" count="10" type="stmt"/>
        <line num="45" count="10" type="stmt"/>
        <line num="47" count="10" type="stmt"/>
        <line num="51" count="83" type="stmt"/>
        <line num="52" count="83" type="stmt"/>
        <line num="53" count="83" type="stmt"/>
      </file>
    </package>
    <package name="src.user.dto">
      <metrics statements="36" coveredstatements="36" conditionals="0" coveredconditionals="0" methods="1" coveredmethods="1"/>
      <file name="changePassword.dto.ts" path="D:\mychessNew\server\src\user\dto\changePassword.dto.ts">
        <metrics statements="6" coveredstatements="6" conditionals="0" coveredconditionals="0" methods="0" coveredmethods="0"/>
        <line num="1" count="32" type="stmt"/>
        <line num="4" count="32" type="stmt"/>
        <line num="10" count="32" type="stmt"/>
        <line num="12" count="32" type="stmt"/>
        <line num="14" count="32" type="stmt"/>
        <line num="20" count="32" type="stmt"/>
      </file>
      <file name="resetPassword.dto.ts" path="D:\mychessNew\server\src\user\dto\resetPassword.dto.ts">
        <metrics statements="6" coveredstatements="6" conditionals="0" coveredconditionals="0" methods="0" coveredmethods="0"/>
        <line num="1" count="32" type="stmt"/>
        <line num="4" count="32" type="stmt"/>
        <line num="10" count="32" type="stmt"/>
        <line num="12" count="32" type="stmt"/>
        <line num="14" count="32" type="stmt"/>
        <line num="19" count="32" type="stmt"/>
      </file>
      <file name="searchUsers.ts" path="D:\mychessNew\server\src\user\dto\searchUsers.ts">
        <metrics statements="3" coveredstatements="3" conditionals="0" coveredconditionals="0" methods="0" coveredmethods="0"/>
        <line num="1" count="32" type="stmt"/>
        <line num="3" count="32" type="stmt"/>
        <line num="9" count="32" type="stmt"/>
      </file>
      <file name="updateBasicUser.dto.ts" path="D:\mychessNew\server\src\user\dto\updateBasicUser.dto.ts">
        <metrics statements="6" coveredstatements="6" conditionals="0" coveredconditionals="0" methods="0" coveredmethods="0"/>
        <line num="1" count="32" type="stmt"/>
        <line num="4" count="32" type="stmt"/>
        <line num="10" count="32" type="stmt"/>
        <line num="12" count="32" type="stmt"/>
        <line num="14" count="32" type="stmt"/>
        <line num="18" count="32" type="stmt"/>
      </file>
      <file name="updateEmail.dto.ts" path="D:\mychessNew\server\src\user\dto\updateEmail.dto.ts">
        <metrics statements="6" coveredstatements="6" conditionals="0" coveredconditionals="0" methods="0" coveredmethods="0"/>
        <line num="1" count="32" type="stmt"/>
        <line num="4" count="32" type="stmt"/>
        <line num="10" count="32" type="stmt"/>
        <line num="12" count="32" type="stmt"/>
        <line num="14" count="32" type="stmt"/>
        <line num="18" count="32" type="stmt"/>
      </file>
      <file name="userCustom.dto.ts" path="D:\mychessNew\server\src\user\dto\userCustom.dto.ts">
        <metrics statements="9" coveredstatements="9" conditionals="0" coveredconditionals="0" methods="1" coveredmethods="1"/>
        <line num="3" count="32" type="stmt"/>
        <line num="5" count="2" type="stmt"/>
        <line num="6" count="2" type="stmt"/>
        <line num="7" count="2" type="stmt"/>
        <line num="8" count="2" type="stmt"/>
        <line num="9" count="2" type="stmt"/>
        <line num="10" count="2" type="stmt"/>
        <line num="11" count="2" type="stmt"/>
        <line num="12" count="2" type="stmt"/>
      </file>
    </package>
    <package name="src.user.entities">
      <metrics statements="28" coveredstatements="28" conditionals="2" coveredconditionals="2" methods="3" coveredmethods="3"/>
      <file name="user.entity.ts" path="D:\mychessNew\server\src\user\entities\user.entity.ts">
        <metrics statements="21" coveredstatements="21" conditionals="0" coveredconditionals="0" methods="2" coveredmethods="2"/>
        <line num="1" count="32" type="stmt"/>
        <line num="4" count="32" type="stmt"/>
        <line num="5" count="32" type="stmt"/>
        <line num="8" count="32" type="stmt"/>
        <line num="10" count="32" type="stmt"/>
        <line num="13" count="32" type="stmt"/>
        <line num="16" count="32" type="stmt"/>
        <line num="19" count="32" type="stmt"/>
        <line num="22" count="32" type="stmt"/>
        <line num="25" count="32" type="stmt"/>
        <line num="28" count="32" type="stmt"/>
        <line num="31" count="32" type="stmt"/>
        <line num="34" count="32" type="stmt"/>
        <line num="37" count="32" type="stmt"/>
        <line num="40" count="32" type="stmt"/>
        <line num="43" count="32" type="stmt"/>
        <line num="46" count="32" type="stmt"/>
        <line num="49" count="32" type="stmt"/>
        <line num="51" count="32" type="stmt"/>
        <line num="52" count="32" type="stmt"/>
        <line num="55" count="32" type="stmt"/>
      </file>
      <file name="user.repository.ts" path="D:\mychessNew\server\src\user\entities\user.repository.ts">
        <metrics statements="4" coveredstatements="4" conditionals="0" coveredconditionals="0" methods="0" coveredmethods="0"/>
        <line num="1" count="32" type="stmt"/>
        <line num="4" count="32" type="stmt"/>
        <line num="7" count="32" type="stmt"/>
        <line num="10" count="32" type="stmt"/>
      </file>
      <file name="user.userRole.enum.ts" path="D:\mychessNew\server\src\user\entities\user.userRole.enum.ts">
        <metrics statements="3" coveredstatements="3" conditionals="2" coveredconditionals="2" methods="1" coveredmethods="1"/>
        <line num="1" count="32" type="cond" truecount="2" falsecount="0"/>
        <line num="2" count="32" type="stmt"/>
        <line num="3" count="32" type="stmt"/>
      </file>
    </package>
    <package name="src.utils.locales">
      <metrics statements="12" coveredstatements="12" conditionals="2" coveredconditionals="2" methods="3" coveredmethods="3"/>
      <file name="locales.service.ts" path="D:\mychessNew\server\src\utils\locales\locales.service.ts">
        <metrics statements="12" coveredstatements="12" conditionals="2" coveredconditionals="2" methods="3" coveredmethods="3"/>
        <line num="1" count="34" type="stmt"/>
        <line num="8" count="34" type="stmt"/>
        <line num="15" count="101" type="stmt"/>
        <line num="17" count="99" type="stmt"/>
        <line num="24" count="223" type="stmt"/>
        <line num="29" count="223" type="cond" truecount="2" falsecount="0"/>
        <line num="30" count="102" type="stmt"/>
        <line num="31" count="101" type="stmt"/>
        <line num="34" count="221" type="stmt"/>
        <line num="41" count="4" type="stmt"/>
        <line num="42" count="6" type="stmt"/>
        <line num="44" count="4" type="stmt"/>
      </file>
    </package>
    <package name="src.utils.redis">
      <metrics statements="56" coveredstatements="44" conditionals="22" coveredconditionals="16" methods="20" coveredmethods="20"/>
      <file name="redis.module.ts" path="D:\mychessNew\server\src\utils\redis\redis.module.ts">
        <metrics statements="9" coveredstatements="9" conditionals="6" coveredconditionals="6" methods="1" coveredmethods="1"/>
        <line num="1" count="32" type="stmt"/>
        <line num="2" count="32" type="stmt"/>
        <line num="5" count="32" type="stmt"/>
        <line num="8" count="32" type="stmt"/>
        <line num="18" count="32" type="cond" truecount="2" falsecount="0"/>
        <line num="19" count="32" type="cond" truecount="2" falsecount="0"/>
        <line num="20" count="32" type="cond" truecount="2" falsecount="0"/>
        <line num="21" count="32" type="stmt"/>
        <line num="27" count="32" type="stmt"/>
      </file>
      <file name="redis.service.ts" path="D:\mychessNew\server\src\utils\redis\redis.service.ts">
        <metrics statements="47" coveredstatements="35" conditionals="16" coveredconditionals="10" methods="19" coveredmethods="19"/>
        <line num="1" count="32" type="stmt"/>
        <line num="2" count="32" type="stmt"/>
        <line num="3" count="32" type="stmt"/>
        <line num="6" count="32" type="stmt"/>
        <line num="9" count="32" type="stmt"/>
        <line num="10" count="33" type="stmt"/>
        <line num="17" count="2674" type="stmt"/>
        <line num="18" count="2674" type="stmt"/>
        <line num="20" count="2674" type="stmt"/>
        <line num="21" count="2674" type="stmt"/>
        <line num="22" count="2674" type="cond" truecount="1" falsecount="1"/>
        <line num="23" count="0" type="stmt"/>
        <line num="24" count="0" type="stmt"/>
        <line num="26" count="2674" type="cond" truecount="2" falsecount="0"/>
        <line num="27" count="2674" type="stmt"/>
        <line num="33" count="90" type="stmt"/>
        <line num="34" count="90" type="stmt"/>
        <line num="35" count="90" type="cond" truecount="1" falsecount="1"/>
        <line num="36" count="0" type="stmt"/>
        <line num="37" count="0" type="stmt"/>
        <line num="39" count="90" type="stmt"/>
        <line num="45" count="4166" type="stmt"/>
        <line num="46" count="4166" type="stmt"/>
        <line num="47" count="4166" type="cond" truecount="1" falsecount="1"/>
        <line num="48" count="0" type="stmt"/>
        <line num="49" count="0" type="stmt"/>
        <line num="52" count="4166" type="stmt"/>
        <line num="53" count="4166" type="stmt"/>
        <line num="63" count="336" type="stmt"/>
        <line num="64" count="336" type="stmt"/>
        <line num="65" count="336" type="cond" truecount="1" falsecount="1"/>
        <line num="66" count="0" type="stmt"/>
        <line num="67" count="0" type="stmt"/>
        <line num="69" count="336" type="cond" truecount="2" falsecount="0"/>
        <line num="70" count="336" type="stmt"/>
        <line num="76" count="256" type="stmt"/>
        <line num="77" count="256" type="stmt"/>
        <line num="78" count="256" type="cond" truecount="1" falsecount="1"/>
        <line num="79" count="0" type="stmt"/>
        <line num="80" count="0" type="stmt"/>
        <line num="83" count="256" type="stmt"/>
        <line num="89" count="18" type="stmt"/>
        <line num="90" count="18" type="stmt"/>
        <line num="91" count="18" type="cond" truecount="1" falsecount="1"/>
        <line num="92" count="0" type="stmt"/>
        <line num="93" count="0" type="stmt"/>
        <line num="96" count="18" type="stmt"/>
      </file>
    </package>
  </project>
</coverage>
